{
  "0 debug pnpm:scope": {
    "selected": 1,
    "workspacePrefix": "/Users/sholden/Git/OMM/on-my-mind"
  },
  "1 info pnpm": {
    "err": {
      "name": "Error",
      "message": "not found: -i",
      "code": "ENOENT",
      "stack": "Error: not found: -i\n    at getNotFoundError (/Users/sholden/.nvm/versions/node/v12.22.7/pnpm-global/5/node_modules/.pnpm/pnpm@6.24.1/node_modules/pnpm/dist/pnpm.cjs:41440:51)\n    at Function.whichSync [as sync] (/Users/sholden/.nvm/versions/node/v12.22.7/pnpm-global/5/node_modules/.pnpm/pnpm@6.24.1/node_modules/pnpm/dist/pnpm.cjs:41517:13)\n    at getCommandAbsolutePathSync (/Users/sholden/.nvm/versions/node/v12.22.7/pnpm-global/5/node_modules/.pnpm/pnpm@6.24.1/node_modules/pnpm/dist/pnpm.cjs:43082:44)\n    at default_1 (/Users/sholden/.nvm/versions/node/v12.22.7/pnpm-global/5/node_modules/.pnpm/pnpm@6.24.1/node_modules/pnpm/dist/pnpm.cjs:43091:32)\n    at /Users/sholden/.nvm/versions/node/v12.22.7/pnpm-global/5/node_modules/.pnpm/pnpm@6.24.1/node_modules/pnpm/dist/pnpm.cjs:179676:39"
    }
  },
  "2 error pnpm": {
    "code": "ERR_PNPM_RECURSIVE_EXEC_FIRST_FAIL",
    "prefix": "/Users/sholden/Git/OMM/on-my-mind",
    "err": {
      "name": "pnpm",
      "message": "not found: -i",
      "code": "ERR_PNPM_RECURSIVE_EXEC_FIRST_FAIL",
      "stack": "Error: not found: -i\n    at getNotFoundError (/Users/sholden/.nvm/versions/node/v12.22.7/pnpm-global/5/node_modules/.pnpm/pnpm@6.24.1/node_modules/pnpm/dist/pnpm.cjs:41440:51)\n    at Function.whichSync [as sync] (/Users/sholden/.nvm/versions/node/v12.22.7/pnpm-global/5/node_modules/.pnpm/pnpm@6.24.1/node_modules/pnpm/dist/pnpm.cjs:41517:13)\n    at getCommandAbsolutePathSync (/Users/sholden/.nvm/versions/node/v12.22.7/pnpm-global/5/node_modules/.pnpm/pnpm@6.24.1/node_modules/pnpm/dist/pnpm.cjs:43082:44)\n    at default_1 (/Users/sholden/.nvm/versions/node/v12.22.7/pnpm-global/5/node_modules/.pnpm/pnpm@6.24.1/node_modules/pnpm/dist/pnpm.cjs:43091:32)\n    at /Users/sholden/.nvm/versions/node/v12.22.7/pnpm-global/5/node_modules/.pnpm/pnpm@6.24.1/node_modules/pnpm/dist/pnpm.cjs:179676:39"
    }
  }
}